2009 ápr. 22 17:55:38,583 DEBUG main hu.itkodex.commons.compiler.StringCompiler - 
Code: compiler.err.cant.resolve.location
Message: FitTestSuiteWithTransientFreshFixture.java:1: cannot find symbol
symbol  : class FitTestTransientFreshFixture
location: package hu.itkodex.litest.fixture at line: 1 column: 161
Source file: FitTestSuiteWithTransientFreshFixture.java from JavaFileObjectImpl
2009 ápr. 22 17:55:38,585 DEBUG main hu.itkodex.commons.compiler.StringCompiler - 
Code: compiler.err.cant.resolve
Message: FitTestSuiteWithTransientFreshFixture.java:1: cannot find symbol
symbol: class FitTestTransientFreshFixture at line: 1 column: 276
Source file: FitTestSuiteWithTransientFreshFixture.java from JavaFileObjectImpl
2009 ápr. 22 17:55:38,610 ERROR main hu.itkodex.commons.compiler.StringCompiler - Compilation failed:
2009 ápr. 22 17:55:38,611 ERROR main hu.itkodex.litest.fitnesse.testcase.domain.LiTestTester - Compiler recognized an Exception when compiling test suite:

package hu.itkodex.litest.testcase;import org.junit.Test;import static org.junit.Assert.*;import static org.hamcrest.Matchers.*;import hu.itkodex.litest.fixture.FitTestTransientFreshFixture;public class FitTestSuiteWithTransientFreshFixture extends GenericTestSuite<TestSUT, FitTestTransientFreshFixture> {   @Test public void methodOneToExcercise_ShouldReturnHello() {      assertThat( sut.methodOneToExcercise(), equalTo( "Hello" ));   }   @Test public void methodTwoToExcercise_ShouldReturnWorld() {      assertThat( sut.methodTwoToExcercise(), equalTo( "world!" ));   }}
hu.itkodex.commons.compiler.StringCompilerException: Compilation failed.
	at hu.itkodex.commons.compiler.StringCompiler.compile(StringCompiler.java:228)
	at hu.itkodex.commons.compiler.StringCompiler.compile(StringCompiler.java:180)
	at hu.itkodex.commons.compiler.StringCompiler.compile(StringCompiler.java:145)
	at hu.itkodex.litest.fitnesse.testcase.domain.LiTestTester.defineTestSuite(LiTestTester.java:54)
	at sun.reflect.NativeMethodAccessorImpl.invoke0(Native Method)
	at sun.reflect.NativeMethodAccessorImpl.invoke(NativeMethodAccessorImpl.java:39)
	at sun.reflect.DelegatingMethodAccessorImpl.invoke(DelegatingMethodAccessorImpl.java:25)
	at java.lang.reflect.Method.invoke(Method.java:597)
	at fitlibrary.closure.MethodClosure.invoke(MethodClosure.java:31)
	at fitlibrary.closure.MethodClosure.invokeTyped(MethodClosure.java:24)
	at fitlibrary.closure.CalledMethodTarget.invokeTyped(CalledMethodTarget.java:67)
	at fitlibrary.closure.CalledMethodTarget.invokeTyped(CalledMethodTarget.java:82)
	at fitlibrary.closure.CalledMethodTarget.invokeAndWrap(CalledMethodTarget.java:242)
	at fitlibrary.traverse.workflow.caller.ActionCaller.run(ActionCaller.java:25)
	at fitlibrary.traverse.workflow.DoTraverseInterpreter.interpretRow(DoTraverseInterpreter.java:152)
	at fitlibrary.traverse.workflow.DoTraverseInterpreter.interpretWholeTable(DoTraverseInterpreter.java:94)
	at fitlibrary.traverse.workflow.DoTraverseInterpreter.interpretWholeTable(DoTraverseInterpreter.java:87)
	at fitlibrary.DoFixture.interpretWholeTable(DoFixture.java:69)
	at fitlibrary.suite.InFlowPageRunner.run(InFlowPageRunner.java:34)
	at fitlibrary.DoFixture.interpretTables(DoFixture.java:42)
	at fit.Fixture.doTables(Fixture.java:79)
	at com.neuri.trinidad.fitnesserunner.FitTestEngine.runTest(FitTestEngine.java:27)
	at com.neuri.trinidad.TestRunner.runTest(TestRunner.java:22)
	at com.neuri.trinidad.JUnitHelper.assertTestPasses(JUnitHelper.java:20)
	at hu.itkodex.litest.fitnesse.testcase.domain.JUnitRunnerForFit.runSingleTest(JUnitRunnerForFit.java:30)
	at sun.reflect.NativeMethodAccessorImpl.invoke0(Native Method)
	at sun.reflect.NativeMethodAccessorImpl.invoke(NativeMethodAccessorImpl.java:39)
	at sun.reflect.DelegatingMethodAccessorImpl.invoke(DelegatingMethodAccessorImpl.java:25)
	at java.lang.reflect.Method.invoke(Method.java:597)
	at org.junit.runners.model.FrameworkMethod$1.runReflectiveCall(FrameworkMethod.java:44)
	at org.junit.internal.runners.model.ReflectiveCallable.run(ReflectiveCallable.java:15)
	at org.junit.runners.model.FrameworkMethod.invokeExplosively(FrameworkMethod.java:41)
	at org.junit.internal.runners.statements.InvokeMethod.evaluate(InvokeMethod.java:20)
	at org.junit.internal.runners.statements.RunBefores.evaluate(RunBefores.java:28)
	at org.junit.internal.runners.statements.RunAfters.evaluate(RunAfters.java:31)
	at org.junit.runners.BlockJUnit4ClassRunner.runChild(BlockJUnit4ClassRunner.java:73)
	at org.junit.runners.BlockJUnit4ClassRunner.runChild(BlockJUnit4ClassRunner.java:46)
	at org.junit.runners.ParentRunner.runChildren(ParentRunner.java:180)
	at org.junit.runners.ParentRunner.access$000(ParentRunner.java:41)
	at org.junit.runners.ParentRunner$1.evaluate(ParentRunner.java:173)
	at org.junit.internal.runners.statements.RunBefores.evaluate(RunBefores.java:28)
	at org.junit.internal.runners.statements.RunAfters.evaluate(RunAfters.java:31)
	at org.junit.runners.ParentRunner.run(ParentRunner.java:220)
	at org.eclipse.jdt.internal.junit4.runner.JUnit4TestReference.run(JUnit4TestReference.java:45)
	at org.eclipse.jdt.internal.junit.runner.TestExecution.run(TestExecution.java:38)
	at org.eclipse.jdt.internal.junit.runner.RemoteTestRunner.runTests(RemoteTestRunner.java:460)
	at org.eclipse.jdt.internal.junit.runner.RemoteTestRunner.runTests(RemoteTestRunner.java:673)
	at org.eclipse.jdt.internal.junit.runner.RemoteTestRunner.run(RemoteTestRunner.java:386)
	at org.eclipse.jdt.internal.junit.runner.RemoteTestRunner.main(RemoteTestRunner.java:196)
2009 ápr. 22 17:55:41,120 DEBUG main hu.itkodex.commons.compiler.StringCompiler - 
Code: compiler.err.cant.resolve.location
Message: FitNesseAssertionWrapper.java:17: cannot find symbol
symbol  : class FitTestTransientFreshFixture
location: class hu.itkodex.litest.fitnesse.FitNesseAssertionWrapper at line: 17 column: 63
Source file: FitNesseAssertionWrapper.java from JavaFileObjectImpl
2009 ápr. 22 17:55:41,122 ERROR main hu.itkodex.commons.compiler.StringCompiler - Compilation failed:
2009 ápr. 22 17:55:41,122 ERROR main hu.itkodex.litest.fitnesse.FitNesseAssertEvaluator - There was a problem in compiling 'FitNesseAssertion'.
hu.itkodex.commons.compiler.StringCompilerException: Compilation failed.
	at hu.itkodex.commons.compiler.StringCompiler.compile(StringCompiler.java:228)
	at hu.itkodex.commons.compiler.StringCompiler.compile(StringCompiler.java:180)
	at hu.itkodex.commons.compiler.StringCompiler.compile(StringCompiler.java:145)
	at hu.itkodex.litest.fitnesse.FitNesseAssertEvaluator.compileFitNesseAssertionClass(FitNesseAssertEvaluator.java:55)
	at hu.itkodex.litest.fitnesse.FitNesseAssertEvaluator.evaluateAssertion(FitNesseAssertEvaluator.java:42)
	at hu.itkodex.litest.fitnesse.testcase.domain.LiTestTester.assertThatIs(LiTestTester.java:35)
	at sun.reflect.NativeMethodAccessorImpl.invoke0(Native Method)
	at sun.reflect.NativeMethodAccessorImpl.invoke(NativeMethodAccessorImpl.java:39)
	at sun.reflect.DelegatingMethodAccessorImpl.invoke(DelegatingMethodAccessorImpl.java:25)
	at java.lang.reflect.Method.invoke(Method.java:597)
	at fitlibrary.closure.MethodClosure.invoke(MethodClosure.java:31)
	at fitlibrary.closure.MethodClosure.invokeTyped(MethodClosure.java:24)
	at fitlibrary.closure.CalledMethodTarget.invokeTyped(CalledMethodTarget.java:67)
	at fitlibrary.closure.CalledMethodTarget.invokeTyped(CalledMethodTarget.java:82)
	at fitlibrary.closure.CalledMethodTarget.invokeAndWrap(CalledMethodTarget.java:242)
	at fitlibrary.traverse.workflow.caller.ActionCaller.run(ActionCaller.java:25)
	at fitlibrary.traverse.workflow.DoTraverseInterpreter.interpretRow(DoTraverseInterpreter.java:152)
	at fitlibrary.traverse.workflow.DoTraverseInterpreter.interpretAfterFirstRow(DoTraverseInterpreter.java:64)
	at fitlibrary.traverse.workflow.DoTraverseInterpreter.interpretInFlow(DoTraverseInterpreter.java:132)
	at fitlibrary.traverse.workflow.DoTraverseInterpreter.interpretWholeTable(DoTraverseInterpreter.java:101)
	at fitlibrary.traverse.workflow.DoTraverseInterpreter.interpretWholeTable(DoTraverseInterpreter.java:87)
	at fitlibrary.DoFixture.interpretWholeTable(DoFixture.java:69)
	at fitlibrary.suite.InFlowPageRunner.run(InFlowPageRunner.java:34)
	at fitlibrary.DoFixture.interpretTables(DoFixture.java:42)
	at fit.Fixture.doTables(Fixture.java:79)
	at com.neuri.trinidad.fitnesserunner.FitTestEngine.runTest(FitTestEngine.java:27)
	at com.neuri.trinidad.TestRunner.runTest(TestRunner.java:22)
	at com.neuri.trinidad.JUnitHelper.assertTestPasses(JUnitHelper.java:20)
	at hu.itkodex.litest.fitnesse.testcase.domain.JUnitRunnerForFit.runSingleTest(JUnitRunnerForFit.java:30)
	at sun.reflect.NativeMethodAccessorImpl.invoke0(Native Method)
	at sun.reflect.NativeMethodAccessorImpl.invoke(NativeMethodAccessorImpl.java:39)
	at sun.reflect.DelegatingMethodAccessorImpl.invoke(DelegatingMethodAccessorImpl.java:25)
	at java.lang.reflect.Method.invoke(Method.java:597)
	at org.junit.runners.model.FrameworkMethod$1.runReflectiveCall(FrameworkMethod.java:44)
	at org.junit.internal.runners.model.ReflectiveCallable.run(ReflectiveCallable.java:15)
	at org.junit.runners.model.FrameworkMethod.invokeExplosively(FrameworkMethod.java:41)
	at org.junit.internal.runners.statements.InvokeMethod.evaluate(InvokeMethod.java:20)
	at org.junit.internal.runners.statements.RunBefores.evaluate(RunBefores.java:28)
	at org.junit.internal.runners.statements.RunAfters.evaluate(RunAfters.java:31)
	at org.junit.runners.BlockJUnit4ClassRunner.runChild(BlockJUnit4ClassRunner.java:73)
	at org.junit.runners.BlockJUnit4ClassRunner.runChild(BlockJUnit4ClassRunner.java:46)
	at org.junit.runners.ParentRunner.runChildren(ParentRunner.java:180)
	at org.junit.runners.ParentRunner.access$000(ParentRunner.java:41)
	at org.junit.runners.ParentRunner$1.evaluate(ParentRunner.java:173)
	at org.junit.internal.runners.statements.RunBefores.evaluate(RunBefores.java:28)
	at org.junit.internal.runners.statements.RunAfters.evaluate(RunAfters.java:31)
	at org.junit.runners.ParentRunner.run(ParentRunner.java:220)
	at org.eclipse.jdt.internal.junit4.runner.JUnit4TestReference.run(JUnit4TestReference.java:45)
	at org.eclipse.jdt.internal.junit.runner.TestExecution.run(TestExecution.java:38)
	at org.eclipse.jdt.internal.junit.runner.RemoteTestRunner.runTests(RemoteTestRunner.java:460)
	at org.eclipse.jdt.internal.junit.runner.RemoteTestRunner.runTests(RemoteTestRunner.java:673)
	at org.eclipse.jdt.internal.junit.runner.RemoteTestRunner.run(RemoteTestRunner.java:386)
	at org.eclipse.jdt.internal.junit.runner.RemoteTestRunner.main(RemoteTestRunner.java:196)
2009 ápr. 22 17:55:43,100 DEBUG main hu.itkodex.commons.compiler.StringCompiler - 
Code: compiler.err.cant.resolve.location
Message: FitTestSuiteWithPersistentFreshFixture.java:1: cannot find symbol
symbol  : class FitTestPersistentFreshFixture
location: package hu.itkodex.litest.fixture at line: 1 column: 161
Source file: FitTestSuiteWithPersistentFreshFixture.java from JavaFileObjectImpl
2009 ápr. 22 17:55:43,101 DEBUG main hu.itkodex.commons.compiler.StringCompiler - 
Code: compiler.err.cant.resolve
Message: FitTestSuiteWithPersistentFreshFixture.java:1: cannot find symbol
symbol: class FitTestPersistentFreshFixture at line: 1 column: 278
Source file: FitTestSuiteWithPersistentFreshFixture.java from JavaFileObjectImpl
2009 ápr. 22 17:55:43,112 ERROR main hu.itkodex.commons.compiler.StringCompiler - Compilation failed:
2009 ápr. 22 17:55:43,113 ERROR main hu.itkodex.litest.fitnesse.testcase.domain.LiTestTester - Compiler recognized an Exception when compiling test suite:

package hu.itkodex.litest.testcase;import org.junit.Test;import static org.junit.Assert.*;import static org.hamcrest.Matchers.*;import hu.itkodex.litest.fixture.FitTestPersistentFreshFixture;public class FitTestSuiteWithPersistentFreshFixture extends GenericTestSuite<TestSUT, FitTestPersistentFreshFixture> { }
hu.itkodex.commons.compiler.StringCompilerException: Compilation failed.
	at hu.itkodex.commons.compiler.StringCompiler.compile(StringCompiler.java:228)
	at hu.itkodex.commons.compiler.StringCompiler.compile(StringCompiler.java:180)
	at hu.itkodex.commons.compiler.StringCompiler.compile(StringCompiler.java:145)
	at hu.itkodex.litest.fitnesse.testcase.domain.LiTestTester.defineTestSuite(LiTestTester.java:54)
	at sun.reflect.NativeMethodAccessorImpl.invoke0(Native Method)
	at sun.reflect.NativeMethodAccessorImpl.invoke(NativeMethodAccessorImpl.java:39)
	at sun.reflect.DelegatingMethodAccessorImpl.invoke(DelegatingMethodAccessorImpl.java:25)
	at java.lang.reflect.Method.invoke(Method.java:597)
	at fitlibrary.closure.MethodClosure.invoke(MethodClosure.java:31)
	at fitlibrary.closure.MethodClosure.invokeTyped(MethodClosure.java:24)
	at fitlibrary.closure.CalledMethodTarget.invokeTyped(CalledMethodTarget.java:67)
	at fitlibrary.closure.CalledMethodTarget.invokeTyped(CalledMethodTarget.java:82)
	at fitlibrary.closure.CalledMethodTarget.invokeAndWrap(CalledMethodTarget.java:242)
	at fitlibrary.traverse.workflow.caller.ActionCaller.run(ActionCaller.java:25)
	at fitlibrary.traverse.workflow.DoTraverseInterpreter.interpretRow(DoTraverseInterpreter.java:152)
	at fitlibrary.traverse.workflow.DoTraverseInterpreter.interpretWholeTable(DoTraverseInterpreter.java:94)
	at fitlibrary.traverse.workflow.DoTraverseInterpreter.interpretWholeTable(DoTraverseInterpreter.java:87)
	at fitlibrary.DoFixture.interpretWholeTable(DoFixture.java:69)
	at fitlibrary.suite.InFlowPageRunner.run(InFlowPageRunner.java:34)
	at fitlibrary.DoFixture.interpretTables(DoFixture.java:42)
	at fit.Fixture.doTables(Fixture.java:79)
	at com.neuri.trinidad.fitnesserunner.FitTestEngine.runTest(FitTestEngine.java:27)
	at com.neuri.trinidad.TestRunner.runTest(TestRunner.java:22)
	at com.neuri.trinidad.JUnitHelper.assertTestPasses(JUnitHelper.java:20)
	at hu.itkodex.litest.fitnesse.testcase.domain.JUnitRunnerForFit.runSingleTest(JUnitRunnerForFit.java:30)
	at sun.reflect.NativeMethodAccessorImpl.invoke0(Native Method)
	at sun.reflect.NativeMethodAccessorImpl.invoke(NativeMethodAccessorImpl.java:39)
	at sun.reflect.DelegatingMethodAccessorImpl.invoke(DelegatingMethodAccessorImpl.java:25)
	at java.lang.reflect.Method.invoke(Method.java:597)
	at org.junit.runners.model.FrameworkMethod$1.runReflectiveCall(FrameworkMethod.java:44)
	at org.junit.internal.runners.model.ReflectiveCallable.run(ReflectiveCallable.java:15)
	at org.junit.runners.model.FrameworkMethod.invokeExplosively(FrameworkMethod.java:41)
	at org.junit.internal.runners.statements.InvokeMethod.evaluate(InvokeMethod.java:20)
	at org.junit.internal.runners.statements.RunBefores.evaluate(RunBefores.java:28)
	at org.junit.internal.runners.statements.RunAfters.evaluate(RunAfters.java:31)
	at org.junit.runners.BlockJUnit4ClassRunner.runChild(BlockJUnit4ClassRunner.java:73)
	at org.junit.runners.BlockJUnit4ClassRunner.runChild(BlockJUnit4ClassRunner.java:46)
	at org.junit.runners.ParentRunner.runChildren(ParentRunner.java:180)
	at org.junit.runners.ParentRunner.access$000(ParentRunner.java:41)
	at org.junit.runners.ParentRunner$1.evaluate(ParentRunner.java:173)
	at org.junit.internal.runners.statements.RunBefores.evaluate(RunBefores.java:28)
	at org.junit.internal.runners.statements.RunAfters.evaluate(RunAfters.java:31)
	at org.junit.runners.ParentRunner.run(ParentRunner.java:220)
	at org.eclipse.jdt.internal.junit4.runner.JUnit4TestReference.run(JUnit4TestReference.java:45)
	at org.eclipse.jdt.internal.junit.runner.TestExecution.run(TestExecution.java:38)
	at org.eclipse.jdt.internal.junit.runner.RemoteTestRunner.runTests(RemoteTestRunner.java:460)
	at org.eclipse.jdt.internal.junit.runner.RemoteTestRunner.runTests(RemoteTestRunner.java:673)
	at org.eclipse.jdt.internal.junit.runner.RemoteTestRunner.run(RemoteTestRunner.java:386)
	at org.eclipse.jdt.internal.junit.runner.RemoteTestRunner.main(RemoteTestRunner.java:196)
2009 máj. 30 09:47:15,084 DEBUG main com.processpuzzle.fitnesse - Hello world!
2009 máj. 30 09:47:15,171 TRACE main hu.itkodex.commons - Hello world!
2009 máj. 30 10:28:56,350 DEBUG main com.processpuzzle.fitnesse - Hello world!
2009 máj. 30 10:28:56,369 TRACE main hu.itkodex.commons - Hello world!
2009 máj. 30 10:30:30,738 DEBUG main com.processpuzzle.fitnesse - Hello world!
2009 máj. 30 10:30:30,751 TRACE main hu.itkodex.commons - Hello world!
2009 máj. 30 10:53:49,132 DEBUG main com.processpuzzle.fitnesse - Hello world!
2009 máj. 30 10:53:49,135 TRACE main hu.itkodex.commons - Hello world!
2009 máj. 30 11:07:21,476 DEBUG main com.processpuzzle.fitnesse - Hello world!
2009 máj. 30 11:07:21,479 TRACE main hu.itkodex.commons - Hello world!
2009 máj. 30 11:20:16,531 DEBUG main com.processpuzzle.fitnesse - Hello world!
2009 máj. 30 11:20:16,553 TRACE main hu.itkodex.commons - Hello world!
2009 máj. 30 11:22:00,973 DEBUG main com.processpuzzle.fitnesse - Hello world!
2009 máj. 30 11:22:00,995 TRACE main hu.itkodex.commons - Hello world!
